<?xml version="1.0" encoding="UTF-8"?>
<!-- Generated by org.testng.reporters.JUnitReportReporter -->
<testsuite hostname="DESKTOP-1GGKMTQ" failures="0" tests="1" name="com.restapitests.PostTest" time="1.894" errors="0" timestamp="2022-08-03T12:50:11 IST" skipped="0">
  <testcase classname="com.restapitests.PostTest" name="postTest" time="1.894"/>
  <system-out/>
</testsuite> <!-- com.restapitests.PostTest -->
