<?xml version="1.0" encoding="UTF-8"?>
<!-- Generated by org.testng.reporters.JUnitReportReporter -->
<testsuite hostname="DESKTOP-1GGKMTQ" failures="0" tests="1" name="com.restapitests.DeleteTest" time="0.487" errors="0" timestamp="2022-08-03T12:50:11 IST" skipped="0">
  <testcase classname="com.restapitests.DeleteTest" name="deleteTest" time="0.487"/>
  <system-out/>
</testsuite> <!-- com.restapitests.DeleteTest -->
